2019-08-27T19:50:54.205995 - ff01 - Modelo carregado
2019-08-27T19:50:54.212208 - ff01 - Iniciando treinamento: batch_size=50 epochs=200 videos=['videos/fase01.mp4']
2019-08-27T19:51:52.330666 - ff01 - rodada=0 batch=200
rotulos=[1, 5, 3, 7, 17, 7, 1, 3, 7, 1, 6, 7, 17, 7, 3, 7, 3, 7, 3, 5, 3, 7, 17, 13, 15, 17, 7, 17, 13, 3, 5, 3, 7, 3, 7, 17, 7, 3, 5, 7, 3, 7, 1, 3, 1, 7, 1, 3, 5, 3, 5, 7, 1, 7, 1, 3, 5, 3, 7, 17, 13, 1, 5, 7, 8, 9, 8, 9, 8, 9, 8, 9, 8, 9, 8, 9, 8, 9, 8, 9, 8, 9, 8, 9, 1, 7, 6, 16, 12, 0, 6, 16, 12, 6, 16, 6, 0, 6, 2, 6, 0, 2, 6, 2, 6, 9, 8, 9, 8, 9, 8, 9, 8, 9, 8, 9, 8, 9, 8, 9, 8, 9, 8, 0, 7, 17, 13, 14, 2, 0, 6, 7, 17, 13, 1, 7, 17, 13, 7, 17, 13, 1, 7, 3, 7, 3, 5, 1, 7, 3, 15, 3, 15, 3, 15, 13, 1, 7, 1, 3, 5, 3, 5, 1, 7, 17, 13, 15, 17, 7, 17, 7, 1, 3, 5, 3, 15, 17, 13, 15, 3, 5, 3, 5, 3, 7, 1, 3, 5, 9, 8, 7, 6, 6, 0, 4, 2, 4, 6, 0]
epoch=0      loss=3.05888605   acc=0.03  
epoch=1      loss=15.8854990   acc=0.14  
epoch=2      loss=14.3915281   acc=0.14  
epoch=3      loss=19.2926330   acc=0.12  
epoch=4      loss=13.7328405   acc=0.14  
epoch=5      loss=13.1604146   acc=0.15  
epoch=6      loss=13.8915719   acc=0.15  
epoch=7      loss=12.7657718   acc=0.13  
epoch=8      loss=11.1827087   acc=0.07  
epoch=9      loss=8.85338592   acc=0.14  
epoch=10     loss=6.92607545   acc=0.26  
epoch=11     loss=6.48369741   acc=0.12  
epoch=12     loss=6.27453470   acc=0.16  
epoch=13     loss=4.43709421   acc=0.24  
epoch=14     loss=3.79222345   acc=0.26  
epoch=15     loss=3.36086249   acc=0.25  
epoch=16     loss=2.97372412   acc=0.36  
epoch=17     loss=2.82803058   acc=0.38  
epoch=18     loss=2.68457889   acc=0.39  
epoch=19     loss=2.48391294   acc=0.45  
epoch=20     loss=2.21806669   acc=0.49  
epoch=21     loss=2.07879519   acc=0.44  
epoch=22     loss=1.82557249   acc=0.51  
epoch=23     loss=1.64349782   acc=0.52  
epoch=24     loss=1.64803254   acc=0.49  
epoch=25     loss=1.50252747   acc=0.55  
epoch=26     loss=1.53015840   acc=0.54  
epoch=27     loss=1.44696748   acc=0.54  
epoch=28     loss=1.34646761   acc=0.58  
epoch=29     loss=1.27861082   acc=0.62  
epoch=30     loss=1.18949544   acc=0.60  
epoch=31     loss=1.14487981   acc=0.64  
epoch=32     loss=1.10480844   acc=0.64  
epoch=33     loss=1.06249499   acc=0.67  
epoch=34     loss=1.01634109   acc=0.7   
epoch=35     loss=0.95436608   acc=0.71  
epoch=36     loss=0.91429352   acc=0.72  
epoch=37     loss=0.91420608   acc=0.71  
epoch=38     loss=0.89323747   acc=0.7   
epoch=39     loss=0.84936475   acc=0.71  
epoch=40     loss=0.80060595   acc=0.76  
epoch=41     loss=0.76735770   acc=0.77  
epoch=42     loss=0.73559349   acc=0.79  
epoch=43     loss=0.71555787   acc=0.77  
epoch=44     loss=0.69106554   acc=0.79  
epoch=45     loss=0.67239743   acc=0.8   
epoch=46     loss=0.66672044   acc=0.81  
epoch=47     loss=0.65105003   acc=0.81  
epoch=48     loss=0.63789910   acc=0.82  
epoch=49     loss=0.62097567   acc=0.82  
2019-08-27T19:52:41.299819 - ff01 - rodada=1 batch=200
rotulos=[2, 4, 6, 7, 1, 3, 5, 3, 5, 3, 5, 3, 5, 3, 5, 7, 17, 13, 15, 5, 7, 6, 16, 12, 15, 5, 3, 5, 3, 13, 1, 7, 17, 13, 15, 5, 3, 1, 5, 3, 5, 7, 8, 9, 8, 9, 8, 9, 8, 9, 8, 9, 8, 9, 8, 9, 8, 9, 8, 9, 8, 9, 8, 9, 8, 9, 0, 6, 2, 4, 2, 4, 2, 6, 7, 1, 3, 15, 13, 17, 7, 17, 15, 13, 1, 5, 3, 7, 8, 9, 8, 9, 8, 9, 8, 9, 8, 9, 8, 9, 8, 9, 8, 9, 9, 8, 9, 8, 9, 8, 9, 1, 7, 16, 12, 0, 6, 16, 12, 16, 6, 16, 12, 14, 2, 6, 0, 12, 14, 4, 16, 6, 9, 8, 9, 8, 9, 8, 9, 8, 9, 8, 9, 8, 9, 8, 9, 8, 9, 8, 9, 8, 9, 8, 9, 8, 9, 8, 9, 8, 9, 8, 9, 8, 8, 9, 8, 9, 8, 9, 8, 9, 8, 9, 9, 8, 9, 8, 9, 8, 9, 8, 9, 8, 0, 6, 7, 17, 12, 14, 2, 0, 6, 7, 17, 13, 1, 7, 17, 13]
epoch=0      loss=3.12066364   acc=0.25  
epoch=1      loss=3.09822487   acc=0.26  
epoch=2      loss=3.07998776   acc=0.28  
epoch=3      loss=2.30898714   acc=0.30  
epoch=4      loss=2.72963857   acc=0.32  
epoch=5      loss=2.10858082   acc=0.34  
epoch=6      loss=2.35740423   acc=0.32  
epoch=7      loss=2.05810189   acc=0.36  
epoch=8      loss=1.97602319   acc=0.36  
epoch=9      loss=1.96135890   acc=0.39  
epoch=10     loss=1.62959444   acc=0.46  
epoch=11     loss=1.76526403   acc=0.46  
epoch=12     loss=1.61148679   acc=0.47  
epoch=13     loss=1.68309187   acc=0.44  
epoch=14     loss=1.49706125   acc=0.49  
epoch=15     loss=1.49534916   acc=0.46  
epoch=16     loss=1.43527185   acc=0.49  
epoch=17     loss=1.35418736   acc=0.5   
epoch=18     loss=1.34025800   acc=0.51  
epoch=19     loss=1.29432404   acc=0.59  
epoch=20     loss=1.26859331   acc=0.62  
epoch=21     loss=1.21482503   acc=0.61  
epoch=22     loss=1.18596529   acc=0.63  
epoch=23     loss=1.17723047   acc=0.59  
epoch=24     loss=1.13281130   acc=0.64  
epoch=25     loss=1.11279296   acc=0.63  
epoch=26     loss=1.07826352   acc=0.63  
epoch=27     loss=1.05762803   acc=0.67  
epoch=28     loss=1.02330923   acc=0.66  
epoch=29     loss=0.99401289   acc=0.65  
epoch=30     loss=0.98379480   acc=0.7   
epoch=31     loss=0.96889388   acc=0.68  
epoch=32     loss=0.95573049   acc=0.69  
epoch=33     loss=0.92696046   acc=0.71  
epoch=34     loss=0.91094255   acc=0.77  
epoch=35     loss=0.89264386   acc=0.78  
epoch=36     loss=0.87562423   acc=0.77  
epoch=37     loss=0.86214792   acc=0.78  
epoch=38     loss=0.84600138   acc=0.78  
epoch=39     loss=0.83322906   acc=0.78  
epoch=40     loss=0.81516420   acc=0.78  
epoch=41     loss=0.80379182   acc=0.78  
epoch=42     loss=0.79226499   acc=0.78  
epoch=43     loss=0.77928054   acc=0.78  
epoch=44     loss=0.76677286   acc=0.8   
epoch=45     loss=0.75381708   acc=0.80  
epoch=46     loss=0.74222320   acc=0.82  
epoch=47     loss=0.73071944   acc=0.84  
epoch=48     loss=0.72024720   acc=0.84  
epoch=49     loss=0.70985299   acc=0.84  
2019-08-27T19:53:35.333889 - ff01 - rodada=2 batch=200
rotulos=[1, 7, 17, 13, 1, 7, 1, 7, 1, 7, 3, 5, 3, 1, 7, 17, 15, 5, 7, 6, 0, 12, 16, 17, 7, 1, 3, 5, 3, 7, 17, 13, 15, 3, 5, 7, 6, 0, 12, 16, 17, 7, 3, 5, 7, 1, 3, 5, 3, 7, 17, 13, 15, 3, 5, 6, 0, 12, 16, 17, 7, 1, 3, 5, 3, 7, 17, 13, 15, 5, 17, 7, 8, 9, 8, 9, 8, 9, 8, 9, 8, 9, 8, 9, 8, 9, 8, 9, 8, 9, 8, 9, 8, 9, 8, 9, 8, 9, 8, 9, 8, 9, 0, 2, 0, 6, 16, 6, 0, 6, 9, 8, 9, 8, 9, 8, 8, 9, 8, 9, 8, 9, 8, 9, 8, 9, 8, 9, 8, 9, 8, 9, 8, 9, 8, 1, 3, 7, 3, 7, 3, 1, 7, 1, 7, 1, 3, 1, 7, 1, 7, 1, 3, 15, 13, 1, 13, 17, 7, 1, 3, 1, 7, 1, 13, 1, 7, 7, 15, 3, 1, 13, 17, 7, 7, 1, 7, 17, 7, 3, 1, 7, 1, 7, 1, 3, 7, 7, 1, 3, 7, 3, 1, 7, 1, 13, 1, 7, 17, 7]
epoch=0      loss=7.14737176   acc=0.15  
epoch=1      loss=8.55787372   acc=0.11  
epoch=2      loss=5.87878036   acc=0.10  
epoch=3      loss=11.0808010   acc=0.14  
epoch=4      loss=11.8185787   acc=0.14  
epoch=5      loss=4.81557273   acc=0.21  
epoch=6      loss=7.88626050   acc=0.18  
epoch=7      loss=10.4554052   acc=0.19  
epoch=8      loss=12.5863037   acc=0.08  
epoch=9      loss=8.72842979   acc=0.18  
epoch=10     loss=8.86116790   acc=0.04  
epoch=11     loss=6.01463079   acc=0.28  
epoch=12     loss=5.16733407   acc=0.27  
epoch=13     loss=4.83930778   acc=0.20  
epoch=14     loss=5.56375360   acc=0.17  
epoch=15     loss=4.18752622   acc=0.22  
epoch=16     loss=3.82158255   acc=0.30  
epoch=17     loss=4.45475244   acc=0.15  
epoch=18     loss=4.30617380   acc=0.30  
epoch=19     loss=4.25485801   acc=0.29  
epoch=20     loss=4.20479011   acc=0.16  
epoch=21     loss=3.81340241   acc=0.33  
epoch=22     loss=3.26749706   acc=0.24  
epoch=23     loss=2.71293067   acc=0.36  
epoch=24     loss=2.47560262   acc=0.33  
epoch=25     loss=3.04405617   acc=0.24  
epoch=26     loss=3.02245736   acc=0.25  
epoch=27     loss=2.38991570   acc=0.33  
epoch=28     loss=2.92254424   acc=0.23  
epoch=29     loss=2.34745669   acc=0.32  
epoch=30     loss=2.30468535   acc=0.26  
epoch=31     loss=1.99488127   acc=0.39  
epoch=32     loss=2.15545248   acc=0.31  
epoch=33     loss=1.97135913   acc=0.43  
epoch=34     loss=1.97458994   acc=0.39  
epoch=35     loss=1.87291657   acc=0.40  
epoch=36     loss=1.79867243   acc=0.45  
epoch=37     loss=1.96841764   acc=0.4   
epoch=38     loss=1.77128696   acc=0.39  
epoch=39     loss=1.83667695   acc=0.37  
epoch=40     loss=1.72382080   acc=0.46  
epoch=41     loss=1.78481018   acc=0.49  
epoch=42     loss=1.69906735   acc=0.47  
epoch=43     loss=1.67159545   acc=0.46  
epoch=44     loss=1.67288756   acc=0.42  
epoch=45     loss=1.65804600   acc=0.47  
epoch=46     loss=1.60552370   acc=0.51  
epoch=47     loss=1.58994185   acc=0.51  
epoch=48     loss=1.59619843   acc=0.48  
epoch=49     loss=1.53854823   acc=0.52  
2019-08-27T19:54:32.424106 - ff01 - rodada=3 batch=172
rotulos=[1, 3, 1, 7, 17, 7, 1, 7, 1, 3, 1, 7, 17, 7, 1, 13, 17, 7, 1, 13, 17, 7, 3, 7, 3, 5, 3, 5, 3, 5, 3, 5, 3, 1, 5, 7, 1, 3, 17, 7, 3, 7, 6, 16, 12, 0, 6, 16, 6, 16, 14, 2, 14, 16, 12, 14, 2, 14, 12, 0, 12, 0, 16, 6, 17, 13, 16, 6, 17, 7, 1, 7, 17, 14, 2, 6, 7, 17, 7, 17, 13, 15, 17, 7, 17, 13, 15, 13, 1, 13, 1, 17, 7, 16, 12, 15, 17, 7, 6, 16, 6, 0, 6, 16, 12, 0, 6, 16, 6, 16, 12, 14, 2, 14, 16, 6, 16, 12, 14, 2, 0, 12, 0, 16, 6, 17, 14, 16, 6, 7, 17, 7, 1, 7, 17, 16, 12, 0, 7, 17, 7, 17, 13, 15, 17, 7, 17, 13, 15, 3, 15, 3, 15, 13, 1, 13, 1, 13, 17, 7, 1, 3, 7, 6, 16, 0, 2, 6, 2, 6, 2, 6]
epoch=0      loss=3.43375229   acc=0.04  
epoch=1      loss=2.93902349   acc=0.07  
epoch=2      loss=2.94792270   acc=0.12  
epoch=3      loss=2.91378307   acc=0.12  
epoch=4      loss=3.03084254   acc=0.11  
epoch=5      loss=2.71373224   acc=0.16  
epoch=6      loss=2.77117133   acc=0.14  
epoch=7      loss=2.69367694   acc=0.16  
epoch=8      loss=2.52643346   acc=0.17  
epoch=9      loss=2.61795663   acc=0.17  
epoch=10     loss=2.56494307   acc=0.18  
epoch=11     loss=2.50516152   acc=0.13  
epoch=12     loss=2.43223333   acc=0.17  
epoch=13     loss=2.37559533   acc=0.20  
epoch=14     loss=2.37784171   acc=0.19  
epoch=15     loss=2.30577135   acc=0.19  
epoch=16     loss=2.30158782   acc=0.16  
epoch=17     loss=2.22536826   acc=0.20  
epoch=18     loss=2.26063084   acc=0.20  
epoch=19     loss=2.21925950   acc=0.19  
epoch=20     loss=2.21738123   acc=0.19  
epoch=21     loss=2.17423915   acc=0.23  
epoch=22     loss=2.14638209   acc=0.28  
epoch=23     loss=2.15819358   acc=0.26  
epoch=24     loss=2.11385440   acc=0.24  
epoch=25     loss=2.11204838   acc=0.27  
epoch=26     loss=2.09559988   acc=0.27  
epoch=27     loss=2.05753302   acc=0.29  
epoch=28     loss=2.04297327   acc=0.30  
epoch=29     loss=2.01749277   acc=0.29  
epoch=30     loss=2.00973010   acc=0.27  
epoch=31     loss=1.98702204   acc=0.31  
epoch=32     loss=1.97229754   acc=0.34  
epoch=33     loss=1.96343553   acc=0.31  
epoch=34     loss=1.93163692   acc=0.33  
epoch=35     loss=1.92677319   acc=0.33  
epoch=36     loss=1.90344703   acc=0.34  
epoch=37     loss=1.88771069   acc=0.35  
epoch=38     loss=1.87740647   acc=0.37  
epoch=39     loss=1.85527324   acc=0.38  
epoch=40     loss=1.84376335   acc=0.37  
epoch=41     loss=1.82884359   acc=0.36  
epoch=42     loss=1.81827843   acc=0.37  
epoch=43     loss=1.80196750   acc=0.39  
epoch=44     loss=1.79115879   acc=0.39  
epoch=45     loss=1.77732133   acc=0.41  
epoch=46     loss=1.75796473   acc=0.38  
epoch=47     loss=1.75492632   acc=0.36  
epoch=48     loss=1.73747873   acc=0.41  
epoch=49     loss=1.72688984   acc=0.42  
